<?xml version="1.0" encoding="UTF-8"?>
<testsuite name="sample.web.ui.SampleWebUiApplicationTests" tests="2" skipped="0" failures="0" errors="0" timestamp="2019-04-22T14:20:50" hostname="YIM-LAPTOP" time="0.378">
  <properties/>
  <testcase name="testCss" classname="sample.web.ui.SampleWebUiApplicationTests" time="0.351"/>
  <testcase name="testCreate" classname="sample.web.ui.SampleWebUiApplicationTests" time="0.026"/>
  <system-out><![CDATA[23:20:47.386 [Test worker] DEBUG org.springframework.test.context.junit4.SpringJUnit4ClassRunner - SpringJUnit4ClassRunner constructor called with [class sample.web.ui.SampleWebUiApplicationTests]
23:20:47.387 [Test worker] DEBUG org.springframework.test.context.BootstrapUtils - Instantiating CacheAwareContextLoaderDelegate from class [org.springframework.test.context.cache.DefaultCacheAwareContextLoaderDelegate]
23:20:47.387 [Test worker] DEBUG org.springframework.test.context.BootstrapUtils - Instantiating BootstrapContext using constructor [public org.springframework.test.context.support.DefaultBootstrapContext(java.lang.Class,org.springframework.test.context.CacheAwareContextLoaderDelegate)]
23:20:47.388 [Test worker] DEBUG org.springframework.test.context.BootstrapUtils - Instantiating TestContextBootstrapper for test class [sample.web.ui.SampleWebUiApplicationTests] from class [org.springframework.boot.test.context.SpringBootTestContextBootstrapper]
23:20:47.391 [Test worker] INFO org.springframework.boot.test.context.SpringBootTestContextBootstrapper - Neither @ContextConfiguration nor @ContextHierarchy found for test class [sample.web.ui.SampleWebUiApplicationTests], using SpringBootContextLoader
23:20:47.392 [Test worker] DEBUG org.springframework.test.context.support.AbstractContextLoader - Did not detect default resource location for test class [sample.web.ui.SampleWebUiApplicationTests]: class path resource [sample/web/ui/SampleWebUiApplicationTests-context.xml] does not exist
23:20:47.393 [Test worker] DEBUG org.springframework.test.context.support.AbstractContextLoader - Did not detect default resource location for test class [sample.web.ui.SampleWebUiApplicationTests]: class path resource [sample/web/ui/SampleWebUiApplicationTestsContext.groovy] does not exist
23:20:47.393 [Test worker] INFO org.springframework.test.context.support.AbstractContextLoader - Could not detect default resource locations for test class [sample.web.ui.SampleWebUiApplicationTests]: no resource found for suffixes {-context.xml, Context.groovy}.
23:20:47.394 [Test worker] INFO org.springframework.test.context.support.AnnotationConfigContextLoaderUtils - Could not detect default configuration classes for test class [sample.web.ui.SampleWebUiApplicationTests]: SampleWebUiApplicationTests does not declare any static, non-private, non-final, nested classes annotated with @Configuration.
23:20:47.397 [Test worker] DEBUG org.springframework.test.context.support.ActiveProfilesUtils - Could not find an 'annotation declaring class' for annotation type [org.springframework.test.context.ActiveProfiles] and class [sample.web.ui.SampleWebUiApplicationTests]
23:20:47.398 [Test worker] DEBUG org.springframework.core.env.StandardEnvironment - Adding PropertySource 'systemProperties' with lowest search precedence
23:20:47.398 [Test worker] DEBUG org.springframework.core.env.StandardEnvironment - Adding PropertySource 'systemEnvironment' with lowest search precedence
23:20:47.399 [Test worker] DEBUG org.springframework.core.env.StandardEnvironment - Initialized StandardEnvironment with PropertySources [MapPropertySource@827325019 {name='systemProperties', properties={java.runtime.name=Java(TM) SE Runtime Environment, sun.boot.library.path=C:\Program Files\Java\jdk1.8.0_211\jre\bin, java.vm.version=25.211-b12, java.vm.vendor=Oracle Corporation, java.vendor.url=http://java.oracle.com/, path.separator=;, java.vm.name=Java HotSpot(TM) 64-Bit Server VM, file.encoding.pkg=sun.io, user.script=, sun.java.launcher=SUN_STANDARD, user.country=KR, sun.os.patch.level=, java.vm.specification.name=Java Virtual Machine Specification, user.dir=C:\Users\gtrus\git\kakaopay\spring-boot-sample-web-ui, java.runtime.version=1.8.0_211-b12, java.awt.graphicsenv=sun.awt.Win32GraphicsEnvironment, java.endorsed.dirs=C:\Program Files\Java\jdk1.8.0_211\jre\lib\endorsed, os.arch=amd64, java.io.tmpdir=C:\Users\gtrus\AppData\Local\Temp\, line.separator=
, java.vm.specification.vendor=Oracle Corporation, user.variant=, os.name=Windows 10, sun.jnu.encoding=MS949, java.library.path=C:\Program Files\Java\jdk1.8.0_211\bin;C:\WINDOWS\Sun\Java\bin;C:\WINDOWS\system32;C:\WINDOWS;C:/Program Files/Java/jre1.8.0_211/bin/server;C:/Program Files/Java/jre1.8.0_211/bin;C:/Program Files/Java/jre1.8.0_211/lib/amd64;C:\Program Files (x86)\Razer\ChromaBroadcast\bin;C:\Program Files\Razer\ChromaBroadcast\bin;C:\Program Files (x86)\Common Files\Oracle\Java\javapath;C:\Program Files (x86)\Intel\iCLS Client\;C:\Program Files\Intel\iCLS Client\;C:\WINDOWS\system32;C:\WINDOWS;C:\WINDOWS\System32\Wbem;C:\WINDOWS\System32\WindowsPowerShell\v1.0\;C:\Program Files (x86)\Intel\Intel(R) Management Engine Components\DAL;C:\Program Files\Intel\Intel(R) Management Engine Components\DAL;C:\Program Files (x86)\Intel\Intel(R) Management Engine Components\IPT;C:\Program Files\Intel\Intel(R) Management Engine Components\IPT;C:\Program Files\Intel\WiFi\bin\;C:\Program Files\Common Files\Intel\WirelessCommon\;C:\WINDOWS\System32\OpenSSH\;C:\Program Files\Python37\;C:\Spark\spark-2.3.0-bin-hadoop2.7\bin;C:\Program Files\scala\bin;C:\zeppelin\zeppelin-0.8.0\bin;C:\Program Files\PuTTY\;C:\WINDOWS\system32\config\systemprofile\AppData\Local\Microsoft\WindowsApps;C:\gradle\bin;C:\Program Files\Git\cmd;C:\Users\gtrus\AppData\Local\Microsoft\WindowsApps;;C:\Program Files\Docker Toolbox;C:\Users\gtrus\eclipse\java-oxygen\eclipse;;., java.specification.name=Java Platform API Specification, java.class.version=52.0, org.gradle.native=false, sun.management.compiler=HotSpot 64-Bit Tiered Compilers, os.version=10.0, user.home=C:\Users\gtrus, user.timezone=Asia/Seoul, java.awt.printerjob=sun.awt.windows.WPrinterJob, file.encoding=x-windows-949, java.specification.version=1.8, java.class.path=C:\Users\gtrus\git\kakaopay\spring-boot-sample-web-ui\build\classes\java\test;C:\Users\gtrus\git\kakaopay\spring-boot-sample-web-ui\build\resources\test;C:\Users\gtrus\git\kakaopay\spring-boot-sample-web-ui\build\classes\java\main;C:\Users\gtrus\git\kakaopay\spring-boot-sample-web-ui\build\resources\main;C:\Users\gtrus\.m2\repository\org\springframework\boot\spring-boot-starter-web\2.0.2.RELEASE\spring-boot-starter-web-2.0.2.RELEASE.jar;C:\Users\gtrus\.gradle\caches\modules-2\files-2.1\org.springframework.boot\spring-boot-starter-actuator\2.0.2.RELEASE\bf24a7e12afcebae667819b616528e9b13574275\spring-boot-starter-actuator-2.0.2.RELEASE.jar;C:\Users\gtrus\.gradle\caches\modules-2\files-2.1\org.springframework.boot\spring-boot-starter-security\2.0.2.RELEASE\ef280d41ff37acd66d5b411b1de845cc33067102\spring-boot-starter-security-2.0.2.RELEASE.jar;C:\Users\gtrus\.m2\repository\org\springframework\boot\spring-boot-starter-thymeleaf\2.0.2.RELEASE\spring-boot-starter-thymeleaf-2.0.2.RELEASE.jar;C:\Users\gtrus\.m2\repository\org\springframework\boot\spring-boot-starter-test\2.0.2.RELEASE\spring-boot-starter-test-2.0.2.RELEASE.jar;C:\Users\gtrus\.m2\repository\org\springframework\boot\spring-boot-starter-json\2.0.2.RELEASE\spring-boot-starter-json-2.0.2.RELEASE.jar;C:\Users\gtrus\.m2\repository\org\springframework\boot\spring-boot-starter\2.0.2.RELEASE\spring-boot-starter-2.0.2.RELEASE.jar;C:\Users\gtrus\.m2\repository\org\springframework\boot\spring-boot-starter-tomcat\2.0.2.RELEASE\spring-boot-starter-tomcat-2.0.2.RELEASE.jar;C:\Users\gtrus\.m2\repository\org\hibernate\validator\hibernate-validator\6.0.9.Final\hibernate-validator-6.0.9.Final.jar;C:\Users\gtrus\.m2\repository\org\springframework\spring-webmvc\5.0.6.RELEASE\spring-webmvc-5.0.6.RELEASE.jar;C:\Users\gtrus\.gradle\caches\modules-2\files-2.1\org.springframework.security\spring-security-web\5.0.5.RELEASE\14b987fee57348c373c5228e23ceb244d872e298\spring-security-web-5.0.5.RELEASE.jar;C:\Users\gtrus\.m2\repository\org\springframework\spring-web\5.0.6.RELEASE\spring-web-5.0.6.RELEASE.jar;C:\Users\gtrus\.gradle\caches\modules-2\files-2.1\org.springframework.boot\spring-boot-actuator-autoconfigure\2.0.2.RELEASE\5165c5f431baf565bf9b07ce1956b71706fa37d\spring-boot-actuator-autoconfigure-2.0.2.RELEASE.jar;C:\Users\gtrus\.gradle\caches\modules-2\files-2.1\io.micrometer\micrometer-core\1.0.4\469c27eee20e79bdfd31ea93adfe43f95bfa4887\micrometer-core-1.0.4.jar;C:\Users\gtrus\.gradle\caches\modules-2\files-2.1\org.springframework.security\spring-security-config\5.0.5.RELEASE\5d360adc638fc5f55e7364f2544a962ae26e0cfd\spring-security-config-5.0.5.RELEASE.jar;C:\Users\gtrus\.m2\repository\org\springframework\boot\spring-boot-test-autoconfigure\2.0.2.RELEASE\spring-boot-test-autoconfigure-2.0.2.RELEASE.jar;C:\Users\gtrus\.m2\repository\org\springframework\boot\spring-boot-test\2.0.2.RELEASE\spring-boot-test-2.0.2.RELEASE.jar;C:\Users\gtrus\.m2\repository\org\springframework\boot\spring-boot-autoconfigure\2.0.2.RELEASE\spring-boot-autoconfigure-2.0.2.RELEASE.jar;C:\Users\gtrus\.gradle\caches\modules-2\files-2.1\org.springframework.boot\spring-boot-actuator\2.0.2.RELEASE\b849b4a60d01e6a17d563314d67bae4697b6ed04\spring-boot-actuator-2.0.2.RELEASE.jar;C:\Users\gtrus\.m2\repository\org\springframework\boot\spring-boot\2.0.2.RELEASE\spring-boot-2.0.2.RELEASE.jar;C:\Users\gtrus\.gradle\caches\modules-2\files-2.1\org.springframework.security\spring-security-core\5.0.5.RELEASE\d8fb6f4bcb03a1b124b4a0a50b574978496ae0ba\spring-security-core-5.0.5.RELEASE.jar;C:\Users\gtrus\.m2\repository\org\springframework\spring-context\5.0.6.RELEASE\spring-context-5.0.6.RELEASE.jar;C:\Users\gtrus\.m2\repository\org\springframework\spring-aop\5.0.6.RELEASE\spring-aop-5.0.6.RELEASE.jar;C:\Users\gtrus\.m2\repository\org\thymeleaf\thymeleaf-spring5\3.0.9.RELEASE\thymeleaf-spring5-3.0.9.RELEASE.jar;C:\Users\gtrus\.m2\repository\org\thymeleaf\extras\thymeleaf-extras-java8time\3.0.1.RELEASE\thymeleaf-extras-java8time-3.0.1.RELEASE.jar;C:\Users\gtrus\.m2\repository\com\jayway\jsonpath\json-path\2.4.0\json-path-2.4.0.jar;C:\Users\gtrus\.m2\repository\junit\junit\4.12\junit-4.12.jar;C:\Users\gtrus\.m2\repository\org\assertj\assertj-core\3.9.1\assertj-core-3.9.1.jar;C:\Users\gtrus\.m2\repository\org\mockito\mockito-core\2.15.0\mockito-core-2.15.0.jar;C:\Users\gtrus\.m2\repository\org\hamcrest\hamcrest-library\1.3\hamcrest-library-1.3.jar;C:\Users\gtrus\.m2\repository\org\hamcrest\hamcrest-core\1.3\hamcrest-core-1.3.jar;C:\Users\gtrus\.m2\repository\org\skyscreamer\jsonassert\1.5.0\jsonassert-1.5.0.jar;C:\Users\gtrus\.m2\repository\org\springframework\spring-test\5.0.6.RELEASE\spring-test-5.0.6.RELEASE.jar;C:\Users\gtrus\.m2\repository\org\springframework\spring-beans\5.0.6.RELEASE\spring-beans-5.0.6.RELEASE.jar;C:\Users\gtrus\.m2\repository\org\springframework\spring-expression\5.0.6.RELEASE\spring-expression-5.0.6.RELEASE.jar;C:\Users\gtrus\.m2\repository\org\springframework\spring-core\5.0.6.RELEASE\spring-core-5.0.6.RELEASE.jar;C:\Users\gtrus\.m2\repository\org\xmlunit\xmlunit-core\2.5.1\xmlunit-core-2.5.1.jar;C:\Users\gtrus\.m2\repository\org\springframework\boot\spring-boot-starter-logging\2.0.2.RELEASE\spring-boot-starter-logging-2.0.2.RELEASE.jar;C:\Users\gtrus\.m2\repository\javax\annotation\javax.annotation-api\1.3.2\javax.annotation-api-1.3.2.jar;C:\Users\gtrus\.m2\repository\org\yaml\snakeyaml\1.19\snakeyaml-1.19.jar;C:\Users\gtrus\.m2\repository\com\fasterxml\jackson\datatype\jackson-datatype-jdk8\2.9.5\jackson-datatype-jdk8-2.9.5.jar;C:\Users\gtrus\.m2\repository\com\fasterxml\jackson\datatype\jackson-datatype-jsr310\2.9.5\jackson-datatype-jsr310-2.9.5.jar;C:\Users\gtrus\.m2\repository\com\fasterxml\jackson\module\jackson-module-parameter-names\2.9.5\jackson-module-parameter-names-2.9.5.jar;C:\Users\gtrus\.m2\repository\com\fasterxml\jackson\core\jackson-databind\2.9.5\jackson-databind-2.9.5.jar;C:\Users\gtrus\.m2\repository\org\apache\tomcat\embed\tomcat-embed-websocket\8.5.31\tomcat-embed-websocket-8.5.31.jar;C:\Users\gtrus\.m2\repository\org\apache\tomcat\embed\tomcat-embed-core\8.5.31\tomcat-embed-core-8.5.31.jar;C:\Users\gtrus\.m2\repository\org\apache\tomcat\embed\tomcat-embed-el\8.5.31\tomcat-embed-el-8.5.31.jar;C:\Users\gtrus\.m2\repository\javax\validation\validation-api\2.0.1.Final\validation-api-2.0.1.Final.jar;C:\Users\gtrus\.m2\repository\org\jboss\logging\jboss-logging\3.3.2.Final\jboss-logging-3.3.2.Final.jar;C:\Users\gtrus\.m2\repository\com\fasterxml\classmate\1.3.4\classmate-1.3.4.jar;C:\Users\gtrus\.gradle\caches\modules-2\files-2.1\org.hdrhistogram\HdrHistogram\2.1.10\9e1ac84eed220281841b75e72fb9de5a297fbf04\HdrHistogram-2.1.10.jar;C:\Users\gtrus\.gradle\caches\modules-2\files-2.1\org.latencyutils\LatencyUtils\2.0.3\769c0b82cb2421c8256300e907298a9410a2a3d3\LatencyUtils-2.0.3.jar;C:\Users\gtrus\.m2\repository\org\thymeleaf\thymeleaf\3.0.9.RELEASE\thymeleaf-3.0.9.RELEASE.jar;C:\Users\gtrus\.m2\repository\ch\qos\logback\logback-classic\1.2.3\logback-classic-1.2.3.jar;C:\Users\gtrus\.m2\repository\org\apache\logging\log4j\log4j-to-slf4j\2.10.0\log4j-to-slf4j-2.10.0.jar;C:\Users\gtrus\.m2\repository\org\slf4j\jul-to-slf4j\1.7.25\jul-to-slf4j-1.7.25.jar;C:\Users\gtrus\.m2\repository\org\slf4j\slf4j-api\1.7.25\slf4j-api-1.7.25.jar;C:\Users\gtrus\.m2\repository\net\minidev\json-smart\2.3\json-smart-2.3.jar;C:\Users\gtrus\.gradle\caches\modules-2\files-2.1\net.bytebuddy\byte-buddy\1.7.9\51218a01a882c04d0aba8c028179cce488bbcb58\byte-buddy-1.7.9.jar;C:\Users\gtrus\.gradle\caches\modules-2\files-2.1\net.bytebuddy\byte-buddy-agent\1.7.9\a6c65f9da7f467ee1f02ff2841ffd3155aee2fc9\byte-buddy-agent-1.7.9.jar;C:\Users\gtrus\.m2\repository\org\objenesis\objenesis\2.6\objenesis-2.6.jar;C:\Users\gtrus\.m2\repository\com\vaadin\external\google\android-json\0.0.20131108.vaadin1\android-json-0.0.20131108.vaadin1.jar;C:\Users\gtrus\.m2\repository\org\springframework\spring-jcl\5.0.6.RELEASE\spring-jcl-5.0.6.RELEASE.jar;C:\Users\gtrus\.m2\repository\com\fasterxml\jackson\core\jackson-annotations\2.9.0\jackson-annotations-2.9.0.jar;C:\Users\gtrus\.m2\repository\com\fasterxml\jackson\core\jackson-core\2.9.5\jackson-core-2.9.5.jar;C:\Users\gtrus\.gradle\caches\modules-2\files-2.1\ognl\ognl\3.1.12\a7fa0db32f882cd3bb41ec6c489853b3bfb6aebc\ognl-3.1.12.jar;C:\Users\gtrus\.m2\repository\org\attoparser\attoparser\2.0.4.RELEASE\attoparser-2.0.4.RELEASE.jar;C:\Users\gtrus\.m2\repository\org\unbescape\unbescape\1.1.5.RELEASE\unbescape-1.1.5.RELEASE.jar;C:\Users\gtrus\.m2\repository\net\minidev\accessors-smart\1.2\accessors-smart-1.2.jar;C:\Users\gtrus\.m2\repository\ch\qos\logback\logback-core\1.2.3\logback-core-1.2.3.jar;C:\Users\gtrus\.m2\repository\org\apache\logging\log4j\log4j-api\2.10.0\log4j-api-2.10.0.jar;C:\Users\gtrus\.gradle\caches\modules-2\files-2.1\org.apache.tomcat\tomcat-annotations-api\8.5.31\f0758d8b5d1404cc25f98945bdd5959699658b4a\tomcat-annotations-api-8.5.31.jar;C:\Users\gtrus\.gradle\caches\modules-2\files-2.1\org.javassist\javassist\3.20.0-GA\a9cbcdfb7e9f86fbc74d3afae65f2248bfbf82a0\javassist-3.20.0-GA.jar;C:\Users\gtrus\.m2\repository\org\ow2\asm\asm\5.0.4\asm-5.0.4.jar, user.name=gtrus, java.vm.specification.version=1.8, sun.java.command=worker.org.gradle.process.internal.worker.GradleWorkerMain 'Gradle Test Executor 4', java.home=C:\Program Files\Java\jdk1.8.0_211\jre, sun.arch.data.model=64, user.language=ko, java.specification.vendor=Oracle Corporation, awt.toolkit=sun.awt.windows.WToolkit, java.vm.info=mixed mode, java.version=1.8.0_211, java.ext.dirs=C:\Program Files\Java\jdk1.8.0_211\jre\lib\ext;C:\WINDOWS\Sun\Java\lib\ext, sun.boot.class.path=C:\Program Files\Java\jdk1.8.0_211\jre\lib\resources.jar;C:\Program Files\Java\jdk1.8.0_211\jre\lib\rt.jar;C:\Program Files\Java\jdk1.8.0_211\jre\lib\sunrsasign.jar;C:\Program Files\Java\jdk1.8.0_211\jre\lib\jsse.jar;C:\Program Files\Java\jdk1.8.0_211\jre\lib\jce.jar;C:\Program Files\Java\jdk1.8.0_211\jre\lib\charsets.jar;C:\Program Files\Java\jdk1.8.0_211\jre\lib\jfr.jar;C:\Program Files\Java\jdk1.8.0_211\jre\classes, java.vendor=Oracle Corporation, org.gradle.test.worker=4, file.separator=\, java.vendor.url.bug=http://bugreport.sun.com/bugreport/, sun.io.unicode.encoding=UnicodeLittle, sun.cpu.endian=little, sun.desktop=windows, sun.cpu.isalist=amd64}}, SystemEnvironmentPropertySource@92443149 {name='systemEnvironment', properties={configsetroot=C:\WINDOWS\ConfigSetRoot, USERDOMAIN_ROAMINGPROFILE=YIM-LAPTOP, NO_PROXY=192.168.99.100, PROCESSOR_LEVEL=6, SESSIONNAME=Console, ALLUSERSPROFILE=C:\ProgramData, PROCESSOR_ARCHITECTURE=AMD64, PSModulePath=C:\Program Files\WindowsPowerShell\Modules;C:\WINDOWS\system32\WindowsPowerShell\v1.0\Modules, SystemDrive=C:, USERNAME=gtrus, ProgramFiles(x86)=C:\Program Files (x86), FPS_BROWSER_USER_PROFILE_STRING=Default, PATHEXT=.COM;.EXE;.BAT;.CMD;.VBS;.VBE;.JS;.JSE;.WSF;.WSH;.MSC, COMPOSE_CONVERT_WINDOWS_PATHS=true, DriverData=C:\Windows\System32\Drivers\DriverData, OneDriveConsumer=C:\Users\gtrus\OneDrive, ProgramData=C:\ProgramData, ProgramW6432=C:\Program Files, HOMEPATH=\Users\gtrus, PROCESSOR_IDENTIFIER=Intel64 Family 6 Model 142 Stepping 10, GenuineIntel, HADOOP_HOME=C:\Spark\spark-2.3.0-bin-hadoop2.7, ProgramFiles=C:\Program Files, PUBLIC=C:\Users\Public, windir=C:\WINDOWS, =::=::\, LOCALAPPDATA=C:\Users\gtrus\AppData\Local, DOCKER_HOST=tcp://192.168.99.100:2376, USERDOMAIN=YIM-LAPTOP, FPS_BROWSER_APP_PROFILE_STRING=Internet Explorer, LOGONSERVER=\\YIM-LAPTOP, GRADLE_HOME=C:\gradle, OneDrive=C:\Users\gtrus\OneDrive, APPDATA=C:\Users\gtrus\AppData\Roaming, DOCKER_MACHINE_NAME=default, SPARK_HOME=C:\Spark\spark-2.3.0-bin-hadoop2.7, DOCKER_CERT_PATH=C:\Users\gtrus\.docker\machine\machines\default, SCALA_HOME=C:\Program Files\scala, VBOX_MSI_INSTALL_PATH=C:\Program Files\Oracle\VirtualBox\, CommonProgramFiles=C:\Program Files\Common Files, Path=C:/Program Files/Java/jre1.8.0_211/bin/server;C:/Program Files/Java/jre1.8.0_211/bin;C:/Program Files/Java/jre1.8.0_211/lib/amd64;C:\Program Files (x86)\Razer\ChromaBroadcast\bin;C:\Program Files\Razer\ChromaBroadcast\bin;C:\Program Files (x86)\Common Files\Oracle\Java\javapath;C:\Program Files (x86)\Intel\iCLS Client\;C:\Program Files\Intel\iCLS Client\;C:\WINDOWS\system32;C:\WINDOWS;C:\WINDOWS\System32\Wbem;C:\WINDOWS\System32\WindowsPowerShell\v1.0\;C:\Program Files (x86)\Intel\Intel(R) Management Engine Components\DAL;C:\Program Files\Intel\Intel(R) Management Engine Components\DAL;C:\Program Files (x86)\Intel\Intel(R) Management Engine Components\IPT;C:\Program Files\Intel\Intel(R) Management Engine Components\IPT;C:\Program Files\Intel\WiFi\bin\;C:\Program Files\Common Files\Intel\WirelessCommon\;C:\WINDOWS\System32\OpenSSH\;C:\Program Files\Python37\;C:\Spark\spark-2.3.0-bin-hadoop2.7\bin;C:\Program Files\scala\bin;C:\zeppelin\zeppelin-0.8.0\bin;C:\Program Files\PuTTY\;C:\WINDOWS\system32\config\systemprofile\AppData\Local\Microsoft\WindowsApps;C:\gradle\bin;C:\Program Files\Git\cmd;C:\Users\gtrus\AppData\Local\Microsoft\WindowsApps;;C:\Program Files\Docker Toolbox;C:\Users\gtrus\eclipse\java-oxygen\eclipse;, ZEPPELIN_HOME=C:\zeppelin\zeppelin-0.8.0, OS=Windows_NT, COMPUTERNAME=YIM-LAPTOP, PROCESSOR_REVISION=8e0a, CommonProgramW6432=C:\Program Files\Common Files, ComSpec=C:\WINDOWS\system32\cmd.exe, DOCKER_TLS_VERIFY=1, SystemRoot=C:\WINDOWS, TEMP=C:\Users\gtrus\AppData\Local\Temp, HOMEDRIVE=C:, USERPROFILE=C:\Users\gtrus, TMP=C:\Users\gtrus\AppData\Local\Temp, CommonProgramFiles(x86)=C:\Program Files (x86)\Common Files, NUMBER_OF_PROCESSORS=8, DOCKER_TOOLBOX_INSTALL_PATH=C:\Program Files\Docker Toolbox}}]
23:20:47.401 [Test worker] DEBUG org.springframework.core.io.support.PathMatchingResourcePatternResolver - Resolved classpath location [sample/web/ui/] to resources [URL [file:/C:/Users/gtrus/git/kakaopay/spring-boot-sample-web-ui/build/classes/java/test/sample/web/ui/], URL [file:/C:/Users/gtrus/git/kakaopay/spring-boot-sample-web-ui/build/classes/java/main/sample/web/ui/]]
23:20:47.401 [Test worker] DEBUG org.springframework.core.io.support.PathMatchingResourcePatternResolver - Looking for matching resources in directory tree [C:\Users\gtrus\git\kakaopay\spring-boot-sample-web-ui\build\classes\java\test\sample\web\ui]
23:20:47.402 [Test worker] DEBUG org.springframework.core.io.support.PathMatchingResourcePatternResolver - Searching directory [C:\Users\gtrus\git\kakaopay\spring-boot-sample-web-ui\build\classes\java\test\sample\web\ui] for files matching pattern [C:/Users/gtrus/git/kakaopay/spring-boot-sample-web-ui/build/classes/java/test/sample/web/ui/*.class]
23:20:47.404 [Test worker] DEBUG org.springframework.core.io.support.PathMatchingResourcePatternResolver - Looking for matching resources in directory tree [C:\Users\gtrus\git\kakaopay\spring-boot-sample-web-ui\build\classes\java\main\sample\web\ui]
23:20:47.405 [Test worker] DEBUG org.springframework.core.io.support.PathMatchingResourcePatternResolver - Searching directory [C:\Users\gtrus\git\kakaopay\spring-boot-sample-web-ui\build\classes\java\main\sample\web\ui] for files matching pattern [C:/Users/gtrus/git/kakaopay/spring-boot-sample-web-ui/build/classes/java/main/sample/web/ui/*.class]
23:20:47.407 [Test worker] DEBUG org.springframework.core.io.support.PathMatchingResourcePatternResolver - Resolved location pattern [classpath*:sample/web/ui/*.class] to resources [file [C:\Users\gtrus\git\kakaopay\spring-boot-sample-web-ui\build\classes\java\test\sample\web\ui\MessageControllerWebTests$RegexMatcher.class], file [C:\Users\gtrus\git\kakaopay\spring-boot-sample-web-ui\build\classes\java\test\sample\web\ui\MessageControllerWebTests.class], file [C:\Users\gtrus\git\kakaopay\spring-boot-sample-web-ui\build\classes\java\test\sample\web\ui\SampleWebUiApplicationTests.class], file [C:\Users\gtrus\git\kakaopay\spring-boot-sample-web-ui\build\classes\java\main\sample\web\ui\InMemoryMessageRepository.class], file [C:\Users\gtrus\git\kakaopay\spring-boot-sample-web-ui\build\classes\java\main\sample\web\ui\Message.class], file [C:\Users\gtrus\git\kakaopay\spring-boot-sample-web-ui\build\classes\java\main\sample\web\ui\MessageRepository.class], file [C:\Users\gtrus\git\kakaopay\spring-boot-sample-web-ui\build\classes\java\main\sample\web\ui\SampleWebUiApplication$1.class], file [C:\Users\gtrus\git\kakaopay\spring-boot-sample-web-ui\build\classes\java\main\sample\web\ui\SampleWebUiApplication.class]]
23:20:47.415 [Test worker] DEBUG org.springframework.context.annotation.ClassPathScanningCandidateComponentProvider - Identified candidate component class: file [C:\Users\gtrus\git\kakaopay\spring-boot-sample-web-ui\build\classes\java\main\sample\web\ui\SampleWebUiApplication.class]
23:20:47.416 [Test worker] INFO org.springframework.boot.test.context.SpringBootTestContextBootstrapper - Found @SpringBootConfiguration sample.web.ui.SampleWebUiApplication for test class sample.web.ui.SampleWebUiApplicationTests
23:20:47.421 [Test worker] DEBUG org.springframework.boot.test.context.SpringBootTestContextBootstrapper - @TestExecutionListeners is not present for class [sample.web.ui.SampleWebUiApplicationTests]: using defaults.
23:20:47.421 [Test worker] INFO org.springframework.boot.test.context.SpringBootTestContextBootstrapper - Loaded default TestExecutionListener class names from location [META-INF/spring.factories]: [org.springframework.boot.test.autoconfigure.restdocs.RestDocsTestExecutionListener, org.springframework.boot.test.autoconfigure.web.client.MockRestServiceServerResetTestExecutionListener, org.springframework.boot.test.autoconfigure.web.servlet.MockMvcPrintOnlyOnFailureTestExecutionListener, org.springframework.boot.test.autoconfigure.web.servlet.WebDriverTestExecutionListener, org.springframework.boot.test.mock.mockito.MockitoTestExecutionListener, org.springframework.boot.test.mock.mockito.ResetMocksTestExecutionListener, org.springframework.test.context.web.ServletTestExecutionListener, org.springframework.test.context.support.DirtiesContextBeforeModesTestExecutionListener, org.springframework.test.context.support.DependencyInjectionTestExecutionListener, org.springframework.test.context.support.DirtiesContextTestExecutionListener, org.springframework.test.context.transaction.TransactionalTestExecutionListener, org.springframework.test.context.jdbc.SqlScriptsTestExecutionListener]
23:20:47.423 [Test worker] DEBUG org.springframework.boot.test.context.SpringBootTestContextBootstrapper - Skipping candidate TestExecutionListener [org.springframework.test.context.transaction.TransactionalTestExecutionListener] due to a missing dependency. Specify custom listener classes or make the default listener classes and their required dependencies available. Offending class: [org/springframework/transaction/interceptor/TransactionAttributeSource]
23:20:47.424 [Test worker] DEBUG org.springframework.boot.test.context.SpringBootTestContextBootstrapper - Skipping candidate TestExecutionListener [org.springframework.test.context.jdbc.SqlScriptsTestExecutionListener] due to a missing dependency. Specify custom listener classes or make the default listener classes and their required dependencies available. Offending class: [org/springframework/transaction/interceptor/TransactionAttribute]
23:20:47.424 [Test worker] INFO org.springframework.boot.test.context.SpringBootTestContextBootstrapper - Using TestExecutionListeners: [org.springframework.test.context.web.ServletTestExecutionListener@59e5d18f, org.springframework.test.context.support.DirtiesContextBeforeModesTestExecutionListener@1c734676, org.springframework.boot.test.mock.mockito.MockitoTestExecutionListener@1ee2b619, org.springframework.boot.test.autoconfigure.SpringBootDependencyInjectionTestExecutionListener@7f9e433f, org.springframework.test.context.support.DirtiesContextTestExecutionListener@8009cea, org.springframework.boot.test.autoconfigure.restdocs.RestDocsTestExecutionListener@ec62b6a, org.springframework.boot.test.autoconfigure.web.client.MockRestServiceServerResetTestExecutionListener@51f16d5, org.springframework.boot.test.autoconfigure.web.servlet.MockMvcPrintOnlyOnFailureTestExecutionListener@8952af2, org.springframework.boot.test.autoconfigure.web.servlet.WebDriverTestExecutionListener@47e00c6, org.springframework.boot.test.mock.mockito.ResetMocksTestExecutionListener@3b5ce658]
23:20:47.424 [Test worker] DEBUG org.springframework.test.annotation.ProfileValueUtils - Retrieved @ProfileValueSourceConfiguration [null] for test class [sample.web.ui.SampleWebUiApplicationTests]
23:20:47.424 [Test worker] DEBUG org.springframework.test.annotation.ProfileValueUtils - Retrieved ProfileValueSource type [class org.springframework.test.annotation.SystemProfileValueSource] for class [sample.web.ui.SampleWebUiApplicationTests]
23:20:47.425 [Test worker] DEBUG org.springframework.test.annotation.ProfileValueUtils - Retrieved @ProfileValueSourceConfiguration [null] for test class [sample.web.ui.SampleWebUiApplicationTests]
23:20:47.425 [Test worker] DEBUG org.springframework.test.annotation.ProfileValueUtils - Retrieved ProfileValueSource type [class org.springframework.test.annotation.SystemProfileValueSource] for class [sample.web.ui.SampleWebUiApplicationTests]
23:20:47.425 [Test worker] DEBUG org.springframework.test.context.support.AbstractDirtiesContextTestExecutionListener - Before test class: context [DefaultTestContext@4608e658 testClass = SampleWebUiApplicationTests, testInstance = [null], testMethod = [null], testException = [null], mergedContextConfiguration = [WebMergedContextConfiguration@676b96d1 testClass = SampleWebUiApplicationTests, locations = '{}', classes = '{class sample.web.ui.SampleWebUiApplication}', contextInitializerClasses = '[]', activeProfiles = '{}', propertySourceLocations = '{}', propertySourceProperties = '{org.springframework.boot.test.context.SpringBootTestContextBootstrapper=true, server.port=0}', contextCustomizers = set[org.springframework.boot.test.autoconfigure.properties.PropertyMappingContextCustomizer@0, org.springframework.boot.test.autoconfigure.web.servlet.WebDriverContextCustomizerFactory$Customizer@7ac6650a, org.springframework.boot.test.context.filter.ExcludeFilterContextCustomizer@4cc6b88c, org.springframework.boot.test.json.DuplicateJsonObjectContextCustomizerFactory$DuplicateJsonObjectContextCustomizer@705e33dc, org.springframework.boot.test.mock.mockito.MockitoContextCustomizer@0, org.springframework.boot.test.web.client.TestRestTemplateContextCustomizer@1165b0bc], resourceBasePath = 'src/main/webapp', contextLoader = 'org.springframework.boot.test.context.SpringBootContextLoader', parent = [null]], attributes = map['org.springframework.test.context.web.ServletTestExecutionListener.activateListener' -> false]], class annotated with @DirtiesContext [false] with mode [null].
23:20:47.425 [Test worker] DEBUG org.springframework.test.annotation.ProfileValueUtils - Retrieved @ProfileValueSourceConfiguration [null] for test class [sample.web.ui.SampleWebUiApplicationTests]
23:20:47.425 [Test worker] DEBUG org.springframework.test.annotation.ProfileValueUtils - Retrieved ProfileValueSource type [class org.springframework.test.annotation.SystemProfileValueSource] for class [sample.web.ui.SampleWebUiApplicationTests]
23:20:47.425 [Test worker] DEBUG org.springframework.test.context.support.DependencyInjectionTestExecutionListener - Performing dependency injection for test context [[DefaultTestContext@4608e658 testClass = SampleWebUiApplicationTests, testInstance = sample.web.ui.SampleWebUiApplicationTests@13e7c2ca, testMethod = [null], testException = [null], mergedContextConfiguration = [WebMergedContextConfiguration@676b96d1 testClass = SampleWebUiApplicationTests, locations = '{}', classes = '{class sample.web.ui.SampleWebUiApplication}', contextInitializerClasses = '[]', activeProfiles = '{}', propertySourceLocations = '{}', propertySourceProperties = '{org.springframework.boot.test.context.SpringBootTestContextBootstrapper=true, server.port=0}', contextCustomizers = set[org.springframework.boot.test.autoconfigure.properties.PropertyMappingContextCustomizer@0, org.springframework.boot.test.autoconfigure.web.servlet.WebDriverContextCustomizerFactory$Customizer@7ac6650a, org.springframework.boot.test.context.filter.ExcludeFilterContextCustomizer@4cc6b88c, org.springframework.boot.test.json.DuplicateJsonObjectContextCustomizerFactory$DuplicateJsonObjectContextCustomizer@705e33dc, org.springframework.boot.test.mock.mockito.MockitoContextCustomizer@0, org.springframework.boot.test.web.client.TestRestTemplateContextCustomizer@1165b0bc], resourceBasePath = 'src/main/webapp', contextLoader = 'org.springframework.boot.test.context.SpringBootContextLoader', parent = [null]], attributes = map['org.springframework.test.context.web.ServletTestExecutionListener.activateListener' -> false]]].
23:20:47.451 [Test worker] DEBUG org.springframework.core.env.StandardEnvironment - Adding PropertySource 'systemProperties' with lowest search precedence
23:20:47.451 [Test worker] DEBUG org.springframework.core.env.StandardEnvironment - Adding PropertySource 'systemEnvironment' with lowest search precedence
23:20:47.452 [Test worker] DEBUG org.springframework.core.env.StandardEnvironment - Initialized StandardEnvironment with PropertySources [MapPropertySource@170697357 {name='systemProperties', properties={java.runtime.name=Java(TM) SE Runtime Environment, sun.boot.library.path=C:\Program Files\Java\jdk1.8.0_211\jre\bin, java.vm.version=25.211-b12, java.vm.vendor=Oracle Corporation, java.vendor.url=http://java.oracle.com/, path.separator=;, java.vm.name=Java HotSpot(TM) 64-Bit Server VM, file.encoding.pkg=sun.io, user.script=, sun.java.launcher=SUN_STANDARD, user.country=KR, sun.os.patch.level=, java.vm.specification.name=Java Virtual Machine Specification, user.dir=C:\Users\gtrus\git\kakaopay\spring-boot-sample-web-ui, java.runtime.version=1.8.0_211-b12, java.awt.graphicsenv=sun.awt.Win32GraphicsEnvironment, java.endorsed.dirs=C:\Program Files\Java\jdk1.8.0_211\jre\lib\endorsed, os.arch=amd64, java.io.tmpdir=C:\Users\gtrus\AppData\Local\Temp\, line.separator=
, java.vm.specification.vendor=Oracle Corporation, user.variant=, os.name=Windows 10, sun.jnu.encoding=MS949, java.library.path=C:\Program Files\Java\jdk1.8.0_211\bin;C:\WINDOWS\Sun\Java\bin;C:\WINDOWS\system32;C:\WINDOWS;C:/Program Files/Java/jre1.8.0_211/bin/server;C:/Program Files/Java/jre1.8.0_211/bin;C:/Program Files/Java/jre1.8.0_211/lib/amd64;C:\Program Files (x86)\Razer\ChromaBroadcast\bin;C:\Program Files\Razer\ChromaBroadcast\bin;C:\Program Files (x86)\Common Files\Oracle\Java\javapath;C:\Program Files (x86)\Intel\iCLS Client\;C:\Program Files\Intel\iCLS Client\;C:\WINDOWS\system32;C:\WINDOWS;C:\WINDOWS\System32\Wbem;C:\WINDOWS\System32\WindowsPowerShell\v1.0\;C:\Program Files (x86)\Intel\Intel(R) Management Engine Components\DAL;C:\Program Files\Intel\Intel(R) Management Engine Components\DAL;C:\Program Files (x86)\Intel\Intel(R) Management Engine Components\IPT;C:\Program Files\Intel\Intel(R) Management Engine Components\IPT;C:\Program Files\Intel\WiFi\bin\;C:\Program Files\Common Files\Intel\WirelessCommon\;C:\WINDOWS\System32\OpenSSH\;C:\Program Files\Python37\;C:\Spark\spark-2.3.0-bin-hadoop2.7\bin;C:\Program Files\scala\bin;C:\zeppelin\zeppelin-0.8.0\bin;C:\Program Files\PuTTY\;C:\WINDOWS\system32\config\systemprofile\AppData\Local\Microsoft\WindowsApps;C:\gradle\bin;C:\Program Files\Git\cmd;C:\Users\gtrus\AppData\Local\Microsoft\WindowsApps;;C:\Program Files\Docker Toolbox;C:\Users\gtrus\eclipse\java-oxygen\eclipse;;., java.specification.name=Java Platform API Specification, java.class.version=52.0, org.gradle.native=false, sun.management.compiler=HotSpot 64-Bit Tiered Compilers, os.version=10.0, user.home=C:\Users\gtrus, user.timezone=Asia/Seoul, java.awt.printerjob=sun.awt.windows.WPrinterJob, file.encoding=x-windows-949, java.specification.version=1.8, java.class.path=C:\Users\gtrus\git\kakaopay\spring-boot-sample-web-ui\build\classes\java\test;C:\Users\gtrus\git\kakaopay\spring-boot-sample-web-ui\build\resources\test;C:\Users\gtrus\git\kakaopay\spring-boot-sample-web-ui\build\classes\java\main;C:\Users\gtrus\git\kakaopay\spring-boot-sample-web-ui\build\resources\main;C:\Users\gtrus\.m2\repository\org\springframework\boot\spring-boot-starter-web\2.0.2.RELEASE\spring-boot-starter-web-2.0.2.RELEASE.jar;C:\Users\gtrus\.gradle\caches\modules-2\files-2.1\org.springframework.boot\spring-boot-starter-actuator\2.0.2.RELEASE\bf24a7e12afcebae667819b616528e9b13574275\spring-boot-starter-actuator-2.0.2.RELEASE.jar;C:\Users\gtrus\.gradle\caches\modules-2\files-2.1\org.springframework.boot\spring-boot-starter-security\2.0.2.RELEASE\ef280d41ff37acd66d5b411b1de845cc33067102\spring-boot-starter-security-2.0.2.RELEASE.jar;C:\Users\gtrus\.m2\repository\org\springframework\boot\spring-boot-starter-thymeleaf\2.0.2.RELEASE\spring-boot-starter-thymeleaf-2.0.2.RELEASE.jar;C:\Users\gtrus\.m2\repository\org\springframework\boot\spring-boot-starter-test\2.0.2.RELEASE\spring-boot-starter-test-2.0.2.RELEASE.jar;C:\Users\gtrus\.m2\repository\org\springframework\boot\spring-boot-starter-json\2.0.2.RELEASE\spring-boot-starter-json-2.0.2.RELEASE.jar;C:\Users\gtrus\.m2\repository\org\springframework\boot\spring-boot-starter\2.0.2.RELEASE\spring-boot-starter-2.0.2.RELEASE.jar;C:\Users\gtrus\.m2\repository\org\springframework\boot\spring-boot-starter-tomcat\2.0.2.RELEASE\spring-boot-starter-tomcat-2.0.2.RELEASE.jar;C:\Users\gtrus\.m2\repository\org\hibernate\validator\hibernate-validator\6.0.9.Final\hibernate-validator-6.0.9.Final.jar;C:\Users\gtrus\.m2\repository\org\springframework\spring-webmvc\5.0.6.RELEASE\spring-webmvc-5.0.6.RELEASE.jar;C:\Users\gtrus\.gradle\caches\modules-2\files-2.1\org.springframework.security\spring-security-web\5.0.5.RELEASE\14b987fee57348c373c5228e23ceb244d872e298\spring-security-web-5.0.5.RELEASE.jar;C:\Users\gtrus\.m2\repository\org\springframework\spring-web\5.0.6.RELEASE\spring-web-5.0.6.RELEASE.jar;C:\Users\gtrus\.gradle\caches\modules-2\files-2.1\org.springframework.boot\spring-boot-actuator-autoconfigure\2.0.2.RELEASE\5165c5f431baf565bf9b07ce1956b71706fa37d\spring-boot-actuator-autoconfigure-2.0.2.RELEASE.jar;C:\Users\gtrus\.gradle\caches\modules-2\files-2.1\io.micrometer\micrometer-core\1.0.4\469c27eee20e79bdfd31ea93adfe43f95bfa4887\micrometer-core-1.0.4.jar;C:\Users\gtrus\.gradle\caches\modules-2\files-2.1\org.springframework.security\spring-security-config\5.0.5.RELEASE\5d360adc638fc5f55e7364f2544a962ae26e0cfd\spring-security-config-5.0.5.RELEASE.jar;C:\Users\gtrus\.m2\repository\org\springframework\boot\spring-boot-test-autoconfigure\2.0.2.RELEASE\spring-boot-test-autoconfigure-2.0.2.RELEASE.jar;C:\Users\gtrus\.m2\repository\org\springframework\boot\spring-boot-test\2.0.2.RELEASE\spring-boot-test-2.0.2.RELEASE.jar;C:\Users\gtrus\.m2\repository\org\springframework\boot\spring-boot-autoconfigure\2.0.2.RELEASE\spring-boot-autoconfigure-2.0.2.RELEASE.jar;C:\Users\gtrus\.gradle\caches\modules-2\files-2.1\org.springframework.boot\spring-boot-actuator\2.0.2.RELEASE\b849b4a60d01e6a17d563314d67bae4697b6ed04\spring-boot-actuator-2.0.2.RELEASE.jar;C:\Users\gtrus\.m2\repository\org\springframework\boot\spring-boot\2.0.2.RELEASE\spring-boot-2.0.2.RELEASE.jar;C:\Users\gtrus\.gradle\caches\modules-2\files-2.1\org.springframework.security\spring-security-core\5.0.5.RELEASE\d8fb6f4bcb03a1b124b4a0a50b574978496ae0ba\spring-security-core-5.0.5.RELEASE.jar;C:\Users\gtrus\.m2\repository\org\springframework\spring-context\5.0.6.RELEASE\spring-context-5.0.6.RELEASE.jar;C:\Users\gtrus\.m2\repository\org\springframework\spring-aop\5.0.6.RELEASE\spring-aop-5.0.6.RELEASE.jar;C:\Users\gtrus\.m2\repository\org\thymeleaf\thymeleaf-spring5\3.0.9.RELEASE\thymeleaf-spring5-3.0.9.RELEASE.jar;C:\Users\gtrus\.m2\repository\org\thymeleaf\extras\thymeleaf-extras-java8time\3.0.1.RELEASE\thymeleaf-extras-java8time-3.0.1.RELEASE.jar;C:\Users\gtrus\.m2\repository\com\jayway\jsonpath\json-path\2.4.0\json-path-2.4.0.jar;C:\Users\gtrus\.m2\repository\junit\junit\4.12\junit-4.12.jar;C:\Users\gtrus\.m2\repository\org\assertj\assertj-core\3.9.1\assertj-core-3.9.1.jar;C:\Users\gtrus\.m2\repository\org\mockito\mockito-core\2.15.0\mockito-core-2.15.0.jar;C:\Users\gtrus\.m2\repository\org\hamcrest\hamcrest-library\1.3\hamcrest-library-1.3.jar;C:\Users\gtrus\.m2\repository\org\hamcrest\hamcrest-core\1.3\hamcrest-core-1.3.jar;C:\Users\gtrus\.m2\repository\org\skyscreamer\jsonassert\1.5.0\jsonassert-1.5.0.jar;C:\Users\gtrus\.m2\repository\org\springframework\spring-test\5.0.6.RELEASE\spring-test-5.0.6.RELEASE.jar;C:\Users\gtrus\.m2\repository\org\springframework\spring-beans\5.0.6.RELEASE\spring-beans-5.0.6.RELEASE.jar;C:\Users\gtrus\.m2\repository\org\springframework\spring-expression\5.0.6.RELEASE\spring-expression-5.0.6.RELEASE.jar;C:\Users\gtrus\.m2\repository\org\springframework\spring-core\5.0.6.RELEASE\spring-core-5.0.6.RELEASE.jar;C:\Users\gtrus\.m2\repository\org\xmlunit\xmlunit-core\2.5.1\xmlunit-core-2.5.1.jar;C:\Users\gtrus\.m2\repository\org\springframework\boot\spring-boot-starter-logging\2.0.2.RELEASE\spring-boot-starter-logging-2.0.2.RELEASE.jar;C:\Users\gtrus\.m2\repository\javax\annotation\javax.annotation-api\1.3.2\javax.annotation-api-1.3.2.jar;C:\Users\gtrus\.m2\repository\org\yaml\snakeyaml\1.19\snakeyaml-1.19.jar;C:\Users\gtrus\.m2\repository\com\fasterxml\jackson\datatype\jackson-datatype-jdk8\2.9.5\jackson-datatype-jdk8-2.9.5.jar;C:\Users\gtrus\.m2\repository\com\fasterxml\jackson\datatype\jackson-datatype-jsr310\2.9.5\jackson-datatype-jsr310-2.9.5.jar;C:\Users\gtrus\.m2\repository\com\fasterxml\jackson\module\jackson-module-parameter-names\2.9.5\jackson-module-parameter-names-2.9.5.jar;C:\Users\gtrus\.m2\repository\com\fasterxml\jackson\core\jackson-databind\2.9.5\jackson-databind-2.9.5.jar;C:\Users\gtrus\.m2\repository\org\apache\tomcat\embed\tomcat-embed-websocket\8.5.31\tomcat-embed-websocket-8.5.31.jar;C:\Users\gtrus\.m2\repository\org\apache\tomcat\embed\tomcat-embed-core\8.5.31\tomcat-embed-core-8.5.31.jar;C:\Users\gtrus\.m2\repository\org\apache\tomcat\embed\tomcat-embed-el\8.5.31\tomcat-embed-el-8.5.31.jar;C:\Users\gtrus\.m2\repository\javax\validation\validation-api\2.0.1.Final\validation-api-2.0.1.Final.jar;C:\Users\gtrus\.m2\repository\org\jboss\logging\jboss-logging\3.3.2.Final\jboss-logging-3.3.2.Final.jar;C:\Users\gtrus\.m2\repository\com\fasterxml\classmate\1.3.4\classmate-1.3.4.jar;C:\Users\gtrus\.gradle\caches\modules-2\files-2.1\org.hdrhistogram\HdrHistogram\2.1.10\9e1ac84eed220281841b75e72fb9de5a297fbf04\HdrHistogram-2.1.10.jar;C:\Users\gtrus\.gradle\caches\modules-2\files-2.1\org.latencyutils\LatencyUtils\2.0.3\769c0b82cb2421c8256300e907298a9410a2a3d3\LatencyUtils-2.0.3.jar;C:\Users\gtrus\.m2\repository\org\thymeleaf\thymeleaf\3.0.9.RELEASE\thymeleaf-3.0.9.RELEASE.jar;C:\Users\gtrus\.m2\repository\ch\qos\logback\logback-classic\1.2.3\logback-classic-1.2.3.jar;C:\Users\gtrus\.m2\repository\org\apache\logging\log4j\log4j-to-slf4j\2.10.0\log4j-to-slf4j-2.10.0.jar;C:\Users\gtrus\.m2\repository\org\slf4j\jul-to-slf4j\1.7.25\jul-to-slf4j-1.7.25.jar;C:\Users\gtrus\.m2\repository\org\slf4j\slf4j-api\1.7.25\slf4j-api-1.7.25.jar;C:\Users\gtrus\.m2\repository\net\minidev\json-smart\2.3\json-smart-2.3.jar;C:\Users\gtrus\.gradle\caches\modules-2\files-2.1\net.bytebuddy\byte-buddy\1.7.9\51218a01a882c04d0aba8c028179cce488bbcb58\byte-buddy-1.7.9.jar;C:\Users\gtrus\.gradle\caches\modules-2\files-2.1\net.bytebuddy\byte-buddy-agent\1.7.9\a6c65f9da7f467ee1f02ff2841ffd3155aee2fc9\byte-buddy-agent-1.7.9.jar;C:\Users\gtrus\.m2\repository\org\objenesis\objenesis\2.6\objenesis-2.6.jar;C:\Users\gtrus\.m2\repository\com\vaadin\external\google\android-json\0.0.20131108.vaadin1\android-json-0.0.20131108.vaadin1.jar;C:\Users\gtrus\.m2\repository\org\springframework\spring-jcl\5.0.6.RELEASE\spring-jcl-5.0.6.RELEASE.jar;C:\Users\gtrus\.m2\repository\com\fasterxml\jackson\core\jackson-annotations\2.9.0\jackson-annotations-2.9.0.jar;C:\Users\gtrus\.m2\repository\com\fasterxml\jackson\core\jackson-core\2.9.5\jackson-core-2.9.5.jar;C:\Users\gtrus\.gradle\caches\modules-2\files-2.1\ognl\ognl\3.1.12\a7fa0db32f882cd3bb41ec6c489853b3bfb6aebc\ognl-3.1.12.jar;C:\Users\gtrus\.m2\repository\org\attoparser\attoparser\2.0.4.RELEASE\attoparser-2.0.4.RELEASE.jar;C:\Users\gtrus\.m2\repository\org\unbescape\unbescape\1.1.5.RELEASE\unbescape-1.1.5.RELEASE.jar;C:\Users\gtrus\.m2\repository\net\minidev\accessors-smart\1.2\accessors-smart-1.2.jar;C:\Users\gtrus\.m2\repository\ch\qos\logback\logback-core\1.2.3\logback-core-1.2.3.jar;C:\Users\gtrus\.m2\repository\org\apache\logging\log4j\log4j-api\2.10.0\log4j-api-2.10.0.jar;C:\Users\gtrus\.gradle\caches\modules-2\files-2.1\org.apache.tomcat\tomcat-annotations-api\8.5.31\f0758d8b5d1404cc25f98945bdd5959699658b4a\tomcat-annotations-api-8.5.31.jar;C:\Users\gtrus\.gradle\caches\modules-2\files-2.1\org.javassist\javassist\3.20.0-GA\a9cbcdfb7e9f86fbc74d3afae65f2248bfbf82a0\javassist-3.20.0-GA.jar;C:\Users\gtrus\.m2\repository\org\ow2\asm\asm\5.0.4\asm-5.0.4.jar, user.name=gtrus, java.vm.specification.version=1.8, sun.java.command=worker.org.gradle.process.internal.worker.GradleWorkerMain 'Gradle Test Executor 4', java.home=C:\Program Files\Java\jdk1.8.0_211\jre, sun.arch.data.model=64, user.language=ko, java.specification.vendor=Oracle Corporation, awt.toolkit=sun.awt.windows.WToolkit, java.vm.info=mixed mode, java.version=1.8.0_211, java.ext.dirs=C:\Program Files\Java\jdk1.8.0_211\jre\lib\ext;C:\WINDOWS\Sun\Java\lib\ext, sun.boot.class.path=C:\Program Files\Java\jdk1.8.0_211\jre\lib\resources.jar;C:\Program Files\Java\jdk1.8.0_211\jre\lib\rt.jar;C:\Program Files\Java\jdk1.8.0_211\jre\lib\sunrsasign.jar;C:\Program Files\Java\jdk1.8.0_211\jre\lib\jsse.jar;C:\Program Files\Java\jdk1.8.0_211\jre\lib\jce.jar;C:\Program Files\Java\jdk1.8.0_211\jre\lib\charsets.jar;C:\Program Files\Java\jdk1.8.0_211\jre\lib\jfr.jar;C:\Program Files\Java\jdk1.8.0_211\jre\classes, java.vendor=Oracle Corporation, org.gradle.test.worker=4, file.separator=\, java.vendor.url.bug=http://bugreport.sun.com/bugreport/, sun.io.unicode.encoding=UnicodeLittle, sun.cpu.endian=little, sun.desktop=windows, sun.cpu.isalist=amd64}}, SystemEnvironmentPropertySource@63252536 {name='systemEnvironment', properties={configsetroot=C:\WINDOWS\ConfigSetRoot, USERDOMAIN_ROAMINGPROFILE=YIM-LAPTOP, NO_PROXY=192.168.99.100, PROCESSOR_LEVEL=6, SESSIONNAME=Console, ALLUSERSPROFILE=C:\ProgramData, PROCESSOR_ARCHITECTURE=AMD64, PSModulePath=C:\Program Files\WindowsPowerShell\Modules;C:\WINDOWS\system32\WindowsPowerShell\v1.0\Modules, SystemDrive=C:, USERNAME=gtrus, ProgramFiles(x86)=C:\Program Files (x86), FPS_BROWSER_USER_PROFILE_STRING=Default, PATHEXT=.COM;.EXE;.BAT;.CMD;.VBS;.VBE;.JS;.JSE;.WSF;.WSH;.MSC, COMPOSE_CONVERT_WINDOWS_PATHS=true, DriverData=C:\Windows\System32\Drivers\DriverData, OneDriveConsumer=C:\Users\gtrus\OneDrive, ProgramData=C:\ProgramData, ProgramW6432=C:\Program Files, HOMEPATH=\Users\gtrus, PROCESSOR_IDENTIFIER=Intel64 Family 6 Model 142 Stepping 10, GenuineIntel, HADOOP_HOME=C:\Spark\spark-2.3.0-bin-hadoop2.7, ProgramFiles=C:\Program Files, PUBLIC=C:\Users\Public, windir=C:\WINDOWS, =::=::\, LOCALAPPDATA=C:\Users\gtrus\AppData\Local, DOCKER_HOST=tcp://192.168.99.100:2376, USERDOMAIN=YIM-LAPTOP, FPS_BROWSER_APP_PROFILE_STRING=Internet Explorer, LOGONSERVER=\\YIM-LAPTOP, GRADLE_HOME=C:\gradle, OneDrive=C:\Users\gtrus\OneDrive, APPDATA=C:\Users\gtrus\AppData\Roaming, DOCKER_MACHINE_NAME=default, SPARK_HOME=C:\Spark\spark-2.3.0-bin-hadoop2.7, DOCKER_CERT_PATH=C:\Users\gtrus\.docker\machine\machines\default, SCALA_HOME=C:\Program Files\scala, VBOX_MSI_INSTALL_PATH=C:\Program Files\Oracle\VirtualBox\, CommonProgramFiles=C:\Program Files\Common Files, Path=C:/Program Files/Java/jre1.8.0_211/bin/server;C:/Program Files/Java/jre1.8.0_211/bin;C:/Program Files/Java/jre1.8.0_211/lib/amd64;C:\Program Files (x86)\Razer\ChromaBroadcast\bin;C:\Program Files\Razer\ChromaBroadcast\bin;C:\Program Files (x86)\Common Files\Oracle\Java\javapath;C:\Program Files (x86)\Intel\iCLS Client\;C:\Program Files\Intel\iCLS Client\;C:\WINDOWS\system32;C:\WINDOWS;C:\WINDOWS\System32\Wbem;C:\WINDOWS\System32\WindowsPowerShell\v1.0\;C:\Program Files (x86)\Intel\Intel(R) Management Engine Components\DAL;C:\Program Files\Intel\Intel(R) Management Engine Components\DAL;C:\Program Files (x86)\Intel\Intel(R) Management Engine Components\IPT;C:\Program Files\Intel\Intel(R) Management Engine Components\IPT;C:\Program Files\Intel\WiFi\bin\;C:\Program Files\Common Files\Intel\WirelessCommon\;C:\WINDOWS\System32\OpenSSH\;C:\Program Files\Python37\;C:\Spark\spark-2.3.0-bin-hadoop2.7\bin;C:\Program Files\scala\bin;C:\zeppelin\zeppelin-0.8.0\bin;C:\Program Files\PuTTY\;C:\WINDOWS\system32\config\systemprofile\AppData\Local\Microsoft\WindowsApps;C:\gradle\bin;C:\Program Files\Git\cmd;C:\Users\gtrus\AppData\Local\Microsoft\WindowsApps;;C:\Program Files\Docker Toolbox;C:\Users\gtrus\eclipse\java-oxygen\eclipse;, ZEPPELIN_HOME=C:\zeppelin\zeppelin-0.8.0, OS=Windows_NT, COMPUTERNAME=YIM-LAPTOP, PROCESSOR_REVISION=8e0a, CommonProgramW6432=C:\Program Files\Common Files, ComSpec=C:\WINDOWS\system32\cmd.exe, DOCKER_TLS_VERIFY=1, SystemRoot=C:\WINDOWS, TEMP=C:\Users\gtrus\AppData\Local\Temp, HOMEDRIVE=C:, USERPROFILE=C:\Users\gtrus, TMP=C:\Users\gtrus\AppData\Local\Temp, CommonProgramFiles(x86)=C:\Program Files (x86)\Common Files, NUMBER_OF_PROCESSORS=8, DOCKER_TOOLBOX_INSTALL_PATH=C:\Program Files\Docker Toolbox}}]
23:20:47.453 [Test worker] DEBUG org.springframework.test.context.support.TestPropertySourceUtils - Adding inlined properties to environment: {spring.jmx.enabled=false, org.springframework.boot.test.context.SpringBootTestContextBootstrapper=true, server.port=0}
23:20:47.453 [Test worker] DEBUG org.springframework.core.env.StandardEnvironment - Adding PropertySource 'Inlined Test Properties' with highest search precedence

  .   ____          _            __ _ _
 /\\ / ___'_ __ _ _(_)_ __  __ _ \ \ \ \
( ( )\___ | '_ | '_| | '_ \/ _` | \ \ \ \
 \\/  ___)| |_)| | | | | || (_| |  ) ) ) )
  '  |____| .__|_| |_|_| |_\__, | / / / /
 =========|_|==============|___/=/_/_/_/
 :: Spring Boot ::        (v2.0.2.RELEASE)

2019-04-22 23:20:47 [INFO ] [StartupInfoLogger.java]logStarting(50) : Starting SampleWebUiApplicationTests on YIM-LAPTOP with PID 18556 (started by gtrus in C:\Users\gtrus\git\kakaopay\spring-boot-sample-web-ui)
2019-04-22 23:20:47 [INFO ] [SpringApplication.java]logStartupProfileInfo(663) : The following profiles are active: test
2019-04-22 23:20:47 [INFO ] [AbstractApplicationContext.java]prepareRefresh(590) : Refreshing org.springframework.boot.web.servlet.context.AnnotationConfigServletWebServerApplicationContext@136c1d67: startup date [Mon Apr 22 23:20:47 KST 2019]; root of context hierarchy
2019-04-22 23:20:49 [INFO ] [TomcatWebServer.java]initialize(91) : Tomcat initialized with port(s): 0 (http)
2019-04-22 23:20:49 [INFO ] [DirectJDKLog.java]log(180) : Initializing ProtocolHandler ["http-nio-auto-1"]
2019-04-22 23:20:49 [INFO ] [DirectJDKLog.java]log(180) : Starting service [Tomcat]
2019-04-22 23:20:49 [INFO ] [DirectJDKLog.java]log(180) : Starting Servlet Engine: Apache Tomcat/8.5.31
2019-04-22 23:20:49 [INFO ] [DirectJDKLog.java]log(180) : The APR based Apache Tomcat Native library which allows optimal performance in production environments was not found on the java.library.path: [C:\Program Files\Java\jdk1.8.0_211\bin;C:\WINDOWS\Sun\Java\bin;C:\WINDOWS\system32;C:\WINDOWS;C:/Program Files/Java/jre1.8.0_211/bin/server;C:/Program Files/Java/jre1.8.0_211/bin;C:/Program Files/Java/jre1.8.0_211/lib/amd64;C:\Program Files (x86)\Razer\ChromaBroadcast\bin;C:\Program Files\Razer\ChromaBroadcast\bin;C:\Program Files (x86)\Common Files\Oracle\Java\javapath;C:\Program Files (x86)\Intel\iCLS Client\;C:\Program Files\Intel\iCLS Client\;C:\WINDOWS\system32;C:\WINDOWS;C:\WINDOWS\System32\Wbem;C:\WINDOWS\System32\WindowsPowerShell\v1.0\;C:\Program Files (x86)\Intel\Intel(R) Management Engine Components\DAL;C:\Program Files\Intel\Intel(R) Management Engine Components\DAL;C:\Program Files (x86)\Intel\Intel(R) Management Engine Components\IPT;C:\Program Files\Intel\Intel(R) Management Engine Components\IPT;C:\Program Files\Intel\WiFi\bin\;C:\Program Files\Common Files\Intel\WirelessCommon\;C:\WINDOWS\System32\OpenSSH\;C:\Program Files\Python37\;C:\Spark\spark-2.3.0-bin-hadoop2.7\bin;C:\Program Files\scala\bin;C:\zeppelin\zeppelin-0.8.0\bin;C:\Program Files\PuTTY\;C:\WINDOWS\system32\config\systemprofile\AppData\Local\Microsoft\WindowsApps;C:\gradle\bin;C:\Program Files\Git\cmd;C:\Users\gtrus\AppData\Local\Microsoft\WindowsApps;;C:\Program Files\Docker Toolbox;C:\Users\gtrus\eclipse\java-oxygen\eclipse;;.]
2019-04-22 23:20:49 [INFO ] [DirectJDKLog.java]log(180) : Initializing Spring embedded WebApplicationContext
2019-04-22 23:20:49 [INFO ] [ServletWebServerApplicationContext.java]prepareWebApplicationContext(285) : Root WebApplicationContext: initialization completed in 1734 ms
2019-04-22 23:20:50 [INFO ] [AbstractFilterRegistrationBean.java]configure(244) : Mapping filter: 'characterEncodingFilter' to: [/*]
2019-04-22 23:20:50 [INFO ] [AbstractFilterRegistrationBean.java]configure(244) : Mapping filter: 'hiddenHttpMethodFilter' to: [/*]
2019-04-22 23:20:50 [INFO ] [AbstractFilterRegistrationBean.java]configure(244) : Mapping filter: 'httpPutFormContentFilter' to: [/*]
2019-04-22 23:20:50 [INFO ] [AbstractFilterRegistrationBean.java]configure(244) : Mapping filter: 'requestContextFilter' to: [/*]
2019-04-22 23:20:50 [INFO ] [AbstractFilterRegistrationBean.java]configure(244) : Mapping filter: 'springSecurityFilterChain' to: [/*]
2019-04-22 23:20:50 [INFO ] [AbstractFilterRegistrationBean.java]configure(244) : Mapping filter: 'httpTraceFilter' to: [/*]
2019-04-22 23:20:50 [INFO ] [AbstractFilterRegistrationBean.java]configure(244) : Mapping filter: 'webMvcMetricsFilter' to: [/*]
2019-04-22 23:20:50 [INFO ] [ServletRegistrationBean.java]addRegistration(185) : Servlet dispatcherServlet mapped to [/]
2019-04-22 23:20:50 [INFO ] [AbstractUrlHandlerMapping.java]registerHandler(373) : Mapped URL path [/**/favicon.ico] onto handler of type [class org.springframework.web.servlet.resource.ResourceHttpRequestHandler]
2019-04-22 23:20:50 [INFO ] [RequestMappingHandlerAdapter.java]initControllerAdviceCache(574) : Looking for @ControllerAdvice: org.springframework.boot.web.servlet.context.AnnotationConfigServletWebServerApplicationContext@136c1d67: startup date [Mon Apr 22 23:20:47 KST 2019]; root of context hierarchy
2019-04-22 23:20:50 [INFO ] [AbstractHandlerMethodMapping.java]register(547) : Mapped "{[/delete/{id}],methods=[GET]}" onto public org.springframework.web.servlet.ModelAndView sample.web.ui.mvc.MessageController.delete(java.lang.Long)
2019-04-22 23:20:50 [INFO ] [AbstractHandlerMethodMapping.java]register(547) : Mapped "{[/],methods=[POST]}" onto public org.springframework.web.servlet.ModelAndView sample.web.ui.mvc.MessageController.create(sample.web.ui.Message,org.springframework.validation.BindingResult,org.springframework.web.servlet.mvc.support.RedirectAttributes)
2019-04-22 23:20:50 [INFO ] [AbstractHandlerMethodMapping.java]register(547) : Mapped "{[/],methods=[GET]}" onto public org.springframework.web.servlet.ModelAndView sample.web.ui.mvc.MessageController.list()
2019-04-22 23:20:50 [INFO ] [AbstractHandlerMethodMapping.java]register(547) : Mapped "{[/modify/{id}],methods=[GET]}" onto public org.springframework.web.servlet.ModelAndView sample.web.ui.mvc.MessageController.modifyForm(sample.web.ui.Message)
2019-04-22 23:20:50 [INFO ] [AbstractHandlerMethodMapping.java]register(547) : Mapped "{[/foo]}" onto public java.lang.String sample.web.ui.mvc.MessageController.foo()
2019-04-22 23:20:50 [INFO ] [AbstractHandlerMethodMapping.java]register(547) : Mapped "{[/],methods=[GET],params=[form]}" onto public java.lang.String sample.web.ui.mvc.MessageController.createForm(sample.web.ui.Message)
2019-04-22 23:20:50 [INFO ] [AbstractHandlerMethodMapping.java]register(547) : Mapped "{[/{id}],methods=[GET]}" onto public org.springframework.web.servlet.ModelAndView sample.web.ui.mvc.MessageController.view(sample.web.ui.Message)
2019-04-22 23:20:50 [INFO ] [AbstractHandlerMethodMapping.java]register(547) : Mapped "{[/monitor/],methods=[GET]}" onto public java.lang.String sample.web.ui.mvc.MonitorController.home(java.util.Map<java.lang.String, java.lang.Object>)
2019-04-22 23:20:50 [INFO ] [AbstractHandlerMethodMapping.java]register(547) : Mapped "{[/error]}" onto public org.springframework.http.ResponseEntity<java.util.Map<java.lang.String, java.lang.Object>> org.springframework.boot.autoconfigure.web.servlet.error.BasicErrorController.error(javax.servlet.http.HttpServletRequest)
2019-04-22 23:20:50 [INFO ] [AbstractHandlerMethodMapping.java]register(547) : Mapped "{[/error],produces=[text/html]}" onto public org.springframework.web.servlet.ModelAndView org.springframework.boot.autoconfigure.web.servlet.error.BasicErrorController.errorHtml(javax.servlet.http.HttpServletRequest,javax.servlet.http.HttpServletResponse)
2019-04-22 23:20:50 [INFO ] [AbstractUrlHandlerMapping.java]registerHandler(373) : Mapped URL path [/webjars/**] onto handler of type [class org.springframework.web.servlet.resource.ResourceHttpRequestHandler]
2019-04-22 23:20:50 [INFO ] [AbstractUrlHandlerMapping.java]registerHandler(373) : Mapped URL path [/**] onto handler of type [class org.springframework.web.servlet.resource.ResourceHttpRequestHandler]
2019-04-22 23:20:50 [INFO ] [DefaultSecurityFilterChain.java]<init>(43) : Creating filter chain: org.springframework.security.web.util.matcher.AnyRequestMatcher@1, [org.springframework.security.web.context.request.async.WebAsyncManagerIntegrationFilter@454eb96f, org.springframework.security.web.context.SecurityContextPersistenceFilter@4b6b3f1e, org.springframework.security.web.header.HeaderWriterFilter@70e7d6b6, org.springframework.security.web.csrf.CsrfFilter@740659cf, org.springframework.security.web.authentication.logout.LogoutFilter@16377aba, org.springframework.security.web.authentication.UsernamePasswordAuthenticationFilter@5629c993, org.springframework.security.web.authentication.ui.DefaultLoginPageGeneratingFilter@4b636fd, org.springframework.security.web.authentication.www.BasicAuthenticationFilter@35de54be, org.springframework.security.web.savedrequest.RequestCacheAwareFilter@69567395, org.springframework.security.web.servletapi.SecurityContextHolderAwareRequestFilter@274a4a6f, org.springframework.security.web.authentication.AnonymousAuthenticationFilter@620a7882, org.springframework.security.web.session.SessionManagementFilter@d65c75c, org.springframework.security.web.access.ExceptionTranslationFilter@77cababc, org.springframework.security.web.access.intercept.FilterSecurityInterceptor@21b0ca7e]
2019-04-22 23:20:50 [INFO ] [EndpointLinksResolver.java]<init>(59) : Exposing 2 endpoint(s) beneath base path '/monitor'
2019-04-22 23:20:50 [INFO ] [AbstractHandlerMethodMapping.java]register(547) : Mapped "{[/monitor/healthcheck],methods=[GET],produces=[application/vnd.spring-boot.actuator.v2+json || application/json]}" onto public java.lang.Object org.springframework.boot.actuate.endpoint.web.servlet.AbstractWebMvcEndpointHandlerMapping$OperationHandler.handle(javax.servlet.http.HttpServletRequest,java.util.Map<java.lang.String, java.lang.String>)
2019-04-22 23:20:50 [INFO ] [AbstractHandlerMethodMapping.java]register(547) : Mapped "{[/monitor/metrics],methods=[GET],produces=[application/vnd.spring-boot.actuator.v2+json || application/json]}" onto public java.lang.Object org.springframework.boot.actuate.endpoint.web.servlet.AbstractWebMvcEndpointHandlerMapping$OperationHandler.handle(javax.servlet.http.HttpServletRequest,java.util.Map<java.lang.String, java.lang.String>)
2019-04-22 23:20:50 [INFO ] [AbstractHandlerMethodMapping.java]register(547) : Mapped "{[/monitor/metrics/{requiredMetricName}],methods=[GET],produces=[application/vnd.spring-boot.actuator.v2+json || application/json]}" onto public java.lang.Object org.springframework.boot.actuate.endpoint.web.servlet.AbstractWebMvcEndpointHandlerMapping$OperationHandler.handle(javax.servlet.http.HttpServletRequest,java.util.Map<java.lang.String, java.lang.String>)
2019-04-22 23:20:50 [INFO ] [AbstractHandlerMethodMapping.java]register(547) : Mapped "{[/monitor],methods=[GET],produces=[application/vnd.spring-boot.actuator.v2+json || application/json]}" onto protected java.util.Map<java.lang.String, java.util.Map<java.lang.String, org.springframework.boot.actuate.endpoint.web.Link>> org.springframework.boot.actuate.endpoint.web.servlet.WebMvcEndpointHandlerMapping.links(javax.servlet.http.HttpServletRequest,javax.servlet.http.HttpServletResponse)
2019-04-22 23:20:50 [INFO ] [DirectJDKLog.java]log(180) : Starting ProtocolHandler ["http-nio-auto-1"]
2019-04-22 23:20:50 [INFO ] [DirectJDKLog.java]log(180) : Using a shared selector for servlet write/read
2019-04-22 23:20:50 [INFO ] [TomcatWebServer.java]start(206) : Tomcat started on port(s): 58993 (http) with context path ''
2019-04-22 23:20:50 [INFO ] [StartupInfoLogger.java]logStarted(59) : Started SampleWebUiApplicationTests in 3.196 seconds (JVM running for 12.761)
2019-04-22 23:20:50 [INFO ] [DirectJDKLog.java]log(180) : Initializing Spring FrameworkServlet 'dispatcherServlet'
2019-04-22 23:20:50 [INFO ] [FrameworkServlet.java]initServletBean(494) : FrameworkServlet 'dispatcherServlet': initialization started
2019-04-22 23:20:50 [INFO ] [FrameworkServlet.java]initServletBean(509) : FrameworkServlet 'dispatcherServlet': initialization completed in 4 ms
]]></system-out>
  <system-err><![CDATA[]]></system-err>
</testsuite>
